通道	79.11289271242623
说话人	78.66490575623784
音频	42.97863736212075
参数	32.23202000224202
指纹	28.42543657036101
编码	26.54750060969142
音乐	24.01897274321105
声学	22.557535997116872
距离	20.406829264767207
码字	19.265658147210768
验证	17.956351045135328
频带	16.552522777734943
等级	15.55755127023977
重构	15.288109344419063
数量	14.82477086118436
实施例	13.941899870025473
能量值	13.869873446738907
压缩	13.634444721853267
注册	13.577277416957642
音量	13.557759421399828
参数集	13.168365135378938
平衡	13.132116915573032
模板	13.108876988501962
前面	12.964648844070778
总和	12.279748525395696
能量	12.137234275274707
初始值	12.124846078850654
估计值	12.117430108787755
背面	12.001778646562219
文本	11.654141506199263
参数化	11.411686871952018
频谱	10.677597489951605
背景	10.654644829828586
数值	10.049769455498321
频率	9.769191618927326
声音	9.757590558543065
矢量	9.74582084485991
电容	9.459356463607609
电机	9.459356463607609
掩蔽	9.17178071707839
图像	9.17178071707839
音响	8.905043915785605
电阻	8.883050839748028
内容	8.508610645440918
增益	8.301940082736133
文字	8.227168236596615
感知	8.173776623323121
数据库	8.046146605532488
增强	8.009454764174789
正面	8.009454764174789
辨认	7.715605339289553
人类	7.420326802586949
偏移	7.420326802586949
下混	7.420326802586949
通信	7.2529077524707795
r2	7.123547640258504
单元	7.033936160688736
解码器	6.899717302969017
读音	6.820809058138995
解码	6.541514845559135
比特	6.525162436242772
特征量	6.321345251782304
逻辑	6.254541299717101
迭代	6.22337034670038
码本	6.22337034670038
量化	6.000265516824809
音高列	5.944277733538393
特征化	5.944277733538393
逐频带	5.944277733538393
中央	5.9384979307410255
峰值	5.919702034543512
对数	5.919702034543512
中文	5.828048510841958
扬声器	5.7680624168965835
滤波	5.756018428666524
分类	5.614032238265132
说话	5.5882372067362365
类似度	5.564707313708381
阈值	5.364522035873755
电话	5.316485077578579
算式	5.306217758957573
r3	5.306217758957573
噪声	5.230955594861259
判定	5.00405050379183
音高	4.996093306107925
音韵	4.996093306107925
矩阵	4.996093306107925
抽取	4.86676411753921
估计	4.8182524675543785
接收机	4.789115178076424
节点	4.730989547918044
干扰	4.683465951672176
r4	4.683465951672176
r1	4.683465951672176
控制器	4.6465225229479525
语言	4.6220736960042395
媒体	4.573608830683347
序列	4.516075234868259
标准	4.422601037108345
立体声	4.408452662537993
发送机	4.408452662537993
额外	4.368107555461457
信道	4.360536276636202
搜索	4.251573299396455
电子	4.2199483649491505
音调	4.049744139142926
车辆	4.049744139142926
位流	4.049744139142926
鲁棒性	4.016046127509308
数据集	4.016046127509308
二极管	4.016046127509308
基础	3.987564384192171
仪表	3.728040496684577
功能	3.627171042102091
输入部	3.6193391806196433
高频	3.5940134687185696
频域	3.559046165377292
单位	3.559046165377292
子带	3.402577027050155
幅度	3.3997082029143275
一起	3.397245149648186
实施	3.325856798219206
步骤	3.285919234501552
环境	3.2569550888147014
曲线	3.2342918419841897
核心层	3.2176088244853482
对角线	3.2176088244853482
量化器	3.2176088244853482
编码器	3.1130940634255246
传输	3.092110838549675
响度	3.0728131455547536
r5	3.0728131455547536
时刻	3.0728131455547536
音节	3.0728131455547536
扰动	3.0728131455547536
习惯	3.0728131455547536
精度	3.0645471551959633
失真	2.9129376181725117
识别	2.8980574037673072
匹配	2.842616968179837
创造性	2.809837814285846
信号段	2.809837814285846
比特率	2.7936866868193047
分辨率	2.7639872837533397
优选	2.738025854814721
规定	2.738025854814721
曲头	2.738025854814721
定义	2.738025854814721
运行	2.738025854814721
加权	2.738025854814721
宽度	2.7068720457559827
时域	2.6955932511106306
关联	2.560410150176776
实例	2.465336006385189
等式	2.444779776627019
功率	2.4214184747803658
区间	2.397197910009482
感觉	2.397197910009482
标题	2.397197910009482
速率	2.397197910009482
导出	2.397197910009482
通带	2.397197910009482
定位	2.397197910009482
特定	2.397197910009482
调号	2.397197910009482
剩余	2.397197910009482
提示	2.397197910009482
文件	2.397197910009482
扩展层	2.394486657909873
相关性	2.394486657909873
可扩展	2.394486657909873
总能量	2.394486657909873
方案	2.328456315633655
检索	2.310834876381091
发音	2.1972946503945665
任意	2.1972946503945665
示例	2.1617540698104865
误差	2.159741095695596
芯片	2.120086695000233
特率	2.120086695000233
系统	2.0996458193523573
涵盖	2.0487898190277716
快速	2.0487898190277716
最佳	2.0487898190277716
判断	2.0487898190277716
传送	2.0487898190277716
设置	2.0487898190277716
类别	2.0487898190277716
原始	2.0487898190277716
牺牲	2.0487898190277716
开发	2.0487898190277716
浏览	2.0487898190277716
认证	2.0487898190277716
合并	2.0487898190277716
表示	2.0487898190277716
鲁棒	2.0487898190277716
实现	2.0487898190277716
缩放	2.0487898190277716
映射	2.0487898190277716
一些	2.0487898190277716
排列	2.0368021653730084
图形	2.0200900405095172
分配	2.0200900405095172
平均值	2.0096700396017884
分量	1.9809187587133956
统计量	1.9689415593261765
样本块	1.9689415593261765
概念	1.9304343003665962
软件	1.912462165187498
描述	1.903470819865823
设计	1.8210646202160528
适应	1.8210646202160528
平均	1.8210646202160528
主观	1.8210646202160528
平滑	1.8210646202160528
按键	1.79758413593422
交流	1.7285837144511165
水平	1.7285837144511165
设备	1.705591834994248
路径	1.690187785838338
广播	1.690187785838338
效应	1.690187785838338
美国	1.690187785838338
环绕	1.690187785838338
建立	1.690187785838338
发现	1.690187785838338
提高	1.690187785838338
当前	1.690187785838338
相关	1.690187785838338
消除	1.690187785838338
线性	1.690187785838338
记住	1.690187785838338
仅仅	1.690187785838338
修正	1.690187785838338
随机	1.690187785838338
公开	1.690187785838338
混响	1.690187785838338
称作	1.690187785838338
执行	1.690187785838338
希望	1.690187785838338
给定	1.690187785838338
任何	1.690187785838338
适配	1.690187785838338
翻译	1.690187785838338
演奏	1.690187785838338
拟合	1.690187785838338
实际	1.690187785838338
导致	1.690187785838338
片段	1.690187785838338
构成	1.690187785838338
编程	1.690187785838338
样本	1.690187785838338
错误	1.690187785838338
代表	1.690187785838338
重建	1.690187785838338
主要	1.690187785838338
简单	1.690187785838338
存在	1.690187785838338
实线	1.68994805982137
机器	1.6768254443312696
低频	1.6265231543690348
存储器	1.5924299728773348
滤波器	1.4916021221340063
上面	1.4669091281356497
观察	1.4305992318048117
播放	1.4305992318048117
经验	1.4305992318048117
平方	1.4305992318048117
比较	1.4117233013301866
因子	1.3716999500755218
斯	1.3308116676917896
独立	1.3278321251252097
抑制	1.31764246827795
动态	1.31764246827795
校正	1.312107095275006
构思	1.312107095275006
常数	1.2744584934670784
系数	1.1888260207430117
大小	1.1888260207430117
计算	1.053931192398247
消息	1.044294740826968
减小	1.044294740826968
开关	1.044294740826968
特点	1.044294740826968
听觉	1.044294740826968
人员	1.044294740826968
工作	1.0331018319571643
过程	1.0251313076221207
质量	1.015679866038004
初始	1.0068474295695455
总线	1.0068474295695455
输出端	0.9520344719469935
注意	0.9419989878637777
程序	0.9236598871356554
生成	0.9155756226951438
组件	0.8996800166219887
计算机	0.8303483042132651
普遍	0.8104365338911717
代价	0.8104365338911717
单独	0.8104365338911717
考虑	0.8104365338911717
发送	0.8104365338911717
分析	0.7716279683440684
拼音	0.7625512238079666
申请	0.703750473676386
配置	0.6853776216502079
说明	0.6761086793672129
人工	0.6748836767086314
格式	0.6748836767086314
网络	0.6748836767086314
全部	0.6266117890276164
采样	0.6266117890276164
变换	0.6112679638910612
词典	0.6103260151513569
硬件	0.5904439817029714
开始	0.5687300649828143
状态	0.5602063020789783
数据	0.5150115073297048
产生	0.5136977956170191
磁盘	0.39466285344288354
脉冲	0.36362943611198917
程度	0.36362943611198917
结合	0.36362943611198917
应用	0.34897088720093405
人们	0.34732267001262795
b3	0.3323095658914267
调节	0.3294809812748869
修改	0.3138077688538553
模拟	0.3138077688538551
领域	0.3119945957949052
需要	0.3038847178073712
结果	0.27917664306256107
能力	0.2625980176311875
空间	0.24375734903592539
覆盖	0.2386615835665576
意义	0.2386615835665576
相位	0.18856387894443727
解决	0.18034558943450693
传统	0.18034558943450693
替换	0.18034558943450693
期间	0.16688962570985905
符号	0.1470174264349557
中心	0.10179176934415946
参考	0.08736236769722028
电平	0.08074283713574287
显示	0.0530277542266378
调制	0.0530277542266378
函数	0.052567723210640294
信号	0.030622770881578276
衰减	-0.044345574459695364
输入端	-0.05055051407904476
角度	-0.05984398850439582
长度	-0.15222586485324696
问题	-0.20529396644909026
部件	-0.23028328712699575
移动	-0.2533957317965695
特性	-0.2936565339279973
细节	-0.4010608311823223
强度	-0.4417431594757086
扩展	-0.514972614762822
记录	-0.514972614762822
代码	-0.5329319061555575
优点	-0.5445647169108678
整体	-0.5605591019766167
使用	-0.6150707259411303
改变	-0.7374767951094074
汉字	-0.796250846764646
顺序	-0.8599331438283186
效果	-0.8658962770227805
检测	-0.8758600200743027
下面	-0.8897070694431659
选择	-0.9046581501150701
介质	-0.9166903663273033
公司	-0.9314653539554663
性能	-0.9854495560333069
可能	-1.0068241609094684
以下	-1.146446693011589
影响	-1.1773594958299534
限制	-1.2417810637632478
数目	-1.3815653388564406
要求	-1.4120773576209622
键盘	-1.4446857434000782
存储	-1.5365983070183038
条件	-1.610052736369498
改进	-1.6171785318894034
结构	-1.6511088545734556
范围	-1.6712125151106925
变化	-1.6850375175612529
用户	-1.9042263286980992
输出	-1.9305695586621763
形式	-1.990972132226286
测量	-2.0008595762167767
输入	-2.033964977571716
转换	-2.0575263047989023
信息	-2.2026795268431627
技术	-2.480694192406873
电路	-2.522075311086519
处理	-2.621341247225339
操作	-2.77939424686834
组合	-2.8908868039413713
控制	-2.9520284426966366
部分	-3.3874158220570703
目的	-3.6367756602032935
附图	-3.9140999173554105
方面	-3.998154882570407
专利	-4.04403485796804
数字	-4.066401487669049
方式	-4.324535480156044
装置	-7.841636148097779
时间	-8.52022701639599
情况	-10.502311850053687
方法	-18.71698683654546
其中	-20.053205813913813
语音	-23.533010632842903
特征	-33.38497578778048
发明	-39.40173804769884
